2019-01-14 07:45:13,434 INFO com.mitrais.study.bootcamp.BootcampApplication [main] Starting application...
2019-01-14 07:45:13,764 INFO com.mitrais.study.bootcamp.BootcampApplication [restartedMain] Starting application...
2019-01-14 07:45:14,304 INFO org.springframework.boot.StartupInfoLogger [restartedMain] Starting BootcampApplication on MTPC8045 with PID 15456 (D:\git\bootcamp\target\classes started by Rudi_W144 in D:\git\bootcamp)
2019-01-14 07:45:14,305 DEBUG org.springframework.boot.StartupInfoLogger [restartedMain] Running with Spring Boot v2.1.1.RELEASE, Spring v5.1.3.RELEASE
2019-01-14 07:45:14,306 INFO org.springframework.boot.SpringApplication [restartedMain] No active profile set, falling back to default profiles: default
2019-01-14 07:45:14,370 INFO org.springframework.boot.logging.DeferredLog [restartedMain] Devtools property defaults active! Set 'spring.devtools.add-properties' to 'false' to disable
2019-01-14 07:45:14,370 INFO org.springframework.boot.logging.DeferredLog [restartedMain] For additional web related logging consider setting the 'logging.level.web' property to 'DEBUG'
2019-01-14 07:45:15,254 INFO org.springframework.data.repository.config.RepositoryConfigurationDelegate [restartedMain] Bootstrapping Spring Data repositories in DEFAULT mode.
2019-01-14 07:45:15,364 INFO org.springframework.data.repository.config.RepositoryConfigurationDelegate [restartedMain] Finished Spring Data repository scanning in 102ms. Found 2 repository interfaces.
2019-01-14 07:45:15,817 INFO org.springframework.context.support.PostProcessorRegistrationDelegate$BeanPostProcessorChecker [restartedMain] Bean 'org.springframework.transaction.annotation.ProxyTransactionManagementConfiguration' of type [org.springframework.transaction.annotation.ProxyTransactionManagementConfiguration$$EnhancerBySpringCGLIB$$ddf2676a] is not eligible for getting processed by all BeanPostProcessors (for example: not eligible for auto-proxying)
2019-01-14 07:45:15,851 INFO org.springframework.context.support.PostProcessorRegistrationDelegate$BeanPostProcessorChecker [restartedMain] Bean 'org.springframework.hateoas.config.HateoasConfiguration' of type [org.springframework.hateoas.config.HateoasConfiguration$$EnhancerBySpringCGLIB$$5d72b49c] is not eligible for getting processed by all BeanPostProcessors (for example: not eligible for auto-proxying)
2019-01-14 07:45:16,478 INFO org.springframework.boot.web.embedded.tomcat.TomcatWebServer [restartedMain] Tomcat initialized with port(s): 8080 (http)
2019-01-14 07:45:16,491 INFO org.apache.juli.logging.DirectJDKLog [restartedMain] Initializing ProtocolHandler ["http-nio-8080"]
2019-01-14 07:45:16,499 INFO org.apache.juli.logging.DirectJDKLog [restartedMain] Starting service [Tomcat]
2019-01-14 07:45:16,500 INFO org.apache.juli.logging.DirectJDKLog [restartedMain] Starting Servlet Engine: Apache Tomcat/9.0.13
2019-01-14 07:45:16,512 INFO org.apache.juli.logging.DirectJDKLog [restartedMain] The APR based Apache Tomcat Native library which allows optimal performance in production environments was not found on the java.library.path: [C:\Program Files\Java\jdk1.8.0_191\bin;C:\Windows\Sun\Java\bin;C:\Windows\system32;C:\Windows;C:\ProgramData\DockerDesktop\version-bin;C:\Program Files\Docker\Docker\Resources\bin;C:\Program Files (x86)\Common Files\Oracle\Java\javapath;C:\Program Files (x86)\Intel\iCLS Client\;C:\Program Files\Intel\iCLS Client\;C:\Windows\system32;C:\Windows;C:\Windows\System32\Wbem;C:\Windows\System32\WindowsPowerShell\v1.0\;C:\Windows\System32\OpenSSH\;C:\Program Files (x86)\Intel\Intel(R) Management Engine Components\DAL;C:\Program Files\Intel\Intel(R) Management Engine Components\DAL;C:\Program Files (x86)\Intel\Intel(R) Management Engine Components\IPT;C:\Program Files\Intel\Intel(R) Management Engine Components\IPT;C:\Program Files\Java\jdk1.8.0_191\bin;C:\apache-maven-3.6.0-bin\apache-maven-3.6.0\bin;C:\PostgreSQL\pg11\bin;C:\Program Files\Git\cmd;C:\Users\Rudi_W144\AppData\Local\Microsoft\WindowsApps;;C:\Program Files\Docker Toolbox;.]
2019-01-14 07:45:16,617 INFO org.apache.juli.logging.DirectJDKLog [restartedMain] Initializing Spring embedded WebApplicationContext
2019-01-14 07:45:16,617 INFO org.springframework.boot.web.servlet.context.ServletWebServerApplicationContext [restartedMain] Root WebApplicationContext: initialization completed in 2247 ms
2019-01-14 07:45:16,869 INFO com.zaxxer.hikari.HikariDataSource [restartedMain] HikariPool-1 - Starting...
2019-01-14 07:45:16,967 INFO com.zaxxer.hikari.HikariDataSource [restartedMain] HikariPool-1 - Start completed.
2019-01-14 07:45:17,560 INFO liquibase.logging.core.Slf4jLogger [restartedMain] SELECT COUNT(*) FROM public.databasechangeloglock
2019-01-14 07:45:17,604 INFO liquibase.logging.core.Slf4jLogger [restartedMain] SELECT COUNT(*) FROM public.databasechangeloglock
2019-01-14 07:45:17,605 INFO liquibase.logging.core.Slf4jLogger [restartedMain] SELECT LOCKED FROM public.databasechangeloglock WHERE ID=1
2019-01-14 07:45:17,621 INFO liquibase.logging.core.Slf4jLogger [restartedMain] Successfully acquired change log lock
2019-01-14 07:45:18,144 INFO liquibase.logging.core.Slf4jLogger [restartedMain] SELECT MD5SUM FROM public.databasechangelog WHERE MD5SUM IS NOT NULL LIMIT 1
2019-01-14 07:45:18,150 INFO liquibase.logging.core.Slf4jLogger [restartedMain] SELECT COUNT(*) FROM public.databasechangelog
2019-01-14 07:45:18,150 INFO liquibase.logging.core.Slf4jLogger [restartedMain] Reading from public.databasechangelog
2019-01-14 07:45:18,151 INFO liquibase.logging.core.Slf4jLogger [restartedMain] SELECT * FROM public.databasechangelog ORDER BY DATEEXECUTED ASC, ORDEREXECUTED ASC
2019-01-14 07:45:18,162 INFO liquibase.logging.core.Slf4jLogger [restartedMain] Successfully released change log lock
2019-01-14 07:45:18,273 INFO org.hibernate.jpa.internal.util.LogHelper [restartedMain] HHH000204: Processing PersistenceUnitInfo [
	name: default
	...]
2019-01-14 07:45:18,367 INFO org.hibernate.Version [restartedMain] HHH000412: Hibernate Core {5.3.7.Final}
2019-01-14 07:45:18,369 INFO org.hibernate.cfg.Environment [restartedMain] HHH000206: hibernate.properties not found
2019-01-14 07:45:18,545 INFO org.hibernate.annotations.common.reflection.java.JavaReflectionManager [restartedMain] HCANN000001: Hibernate Commons Annotations {5.0.4.Final}
2019-01-14 07:45:18,730 INFO org.hibernate.dialect.Dialect [restartedMain] HHH000400: Using dialect: org.hibernate.dialect.PostgreSQL82Dialect
2019-01-14 07:45:18,842 INFO org.hibernate.engine.jdbc.env.internal.LobCreatorBuilderImpl [restartedMain] HHH000421: Disabling contextual LOB creation as hibernate.jdbc.lob.non_contextual_creation is true
2019-01-14 07:45:18,848 INFO org.hibernate.type.BasicTypeRegistry [restartedMain] HHH000270: Type registration [java.util.UUID] overrides previous : org.hibernate.type.UUIDBinaryType@4a196cce
2019-01-14 07:45:19,523 INFO org.springframework.orm.jpa.AbstractEntityManagerFactoryBean [restartedMain] Initialized JPA EntityManagerFactory for persistence unit 'default'
2019-01-14 07:45:19,911 WARN org.springframework.boot.autoconfigure.orm.jpa.JpaBaseConfiguration$JpaWebConfiguration$JpaWebMvcConfiguration [restartedMain] spring.jpa.open-in-view is enabled by default. Therefore, database queries may be performed during view rendering. Explicitly configure spring.jpa.open-in-view to disable this warning
2019-01-14 07:45:20,085 DEBUG com.mitrais.study.bootcamp.config.rs.WebConfig [restartedMain] Creating MappingJackson2HttpMessageConverter...
2019-01-14 07:45:20,116 INFO com.mitrais.study.bootcamp.config.rs.JacksonMapperFactoryImpl [restartedMain] Creating Jackson ObjectMapper with 4 modules: [JodaModule, GuavaModule, MoneyModule, jscience]
2019-01-14 07:45:20,383 INFO org.springframework.security.web.DefaultSecurityFilterChain [restartedMain] Creating filter chain: any request, [org.springframework.security.web.context.request.async.WebAsyncManagerIntegrationFilter@31478175, org.springframework.security.web.context.SecurityContextPersistenceFilter@18e8103a, org.springframework.security.web.context.SecurityContextPersistenceFilter@4b37f631, org.springframework.security.web.header.HeaderWriterFilter@7fc17083, org.springframework.security.web.authentication.logout.LogoutFilter@1c7d4b9, org.springframework.security.web.savedrequest.RequestCacheAwareFilter@74e734cb, org.springframework.security.web.servletapi.SecurityContextHolderAwareRequestFilter@2a1717fc, org.springframework.security.web.authentication.AnonymousAuthenticationFilter@4a9816e5, org.springframework.security.web.session.SessionManagementFilter@3ffd9b26, org.springframework.security.web.access.ExceptionTranslationFilter@3d834cb1, org.springframework.security.web.access.intercept.FilterSecurityInterceptor@17d61b90]
2019-01-14 07:45:20,411 WARN org.springframework.boot.autoconfigure.thymeleaf.ThymeleafAutoConfiguration$DefaultTemplateResolverConfiguration [restartedMain] Cannot find template location: classpath:/templates/ (please add some templates or check your Thymeleaf configuration)
2019-01-14 07:45:20,485 INFO org.springframework.boot.devtools.autoconfigure.OptionalLiveReloadServer [restartedMain] LiveReload server is running on port 35729
2019-01-14 07:45:20,512 INFO org.apache.juli.logging.DirectJDKLog [restartedMain] Starting ProtocolHandler ["http-nio-8080"]
2019-01-14 07:45:20,520 INFO org.apache.juli.logging.DirectJDKLog [restartedMain] Using a shared selector for servlet write/read
2019-01-14 07:45:20,535 INFO org.springframework.boot.web.embedded.tomcat.TomcatWebServer [restartedMain] Tomcat started on port(s): 8080 (http) with context path ''
2019-01-14 07:45:20,537 INFO org.springframework.boot.StartupInfoLogger [restartedMain] Started BootcampApplication in 6.768 seconds (JVM running for 7.64)
2019-01-14 07:45:20,539 INFO com.mitrais.study.bootcamp.BootcampApplication [restartedMain] Application is ready...
2019-01-14 07:46:51,756 INFO org.apache.juli.logging.DirectJDKLog [http-nio-8080-exec-1] Initializing Spring DispatcherServlet 'dispatcherServlet'
2019-01-14 07:46:51,757 INFO org.springframework.web.servlet.FrameworkServlet [http-nio-8080-exec-1] Initializing Servlet 'dispatcherServlet'
2019-01-14 07:46:51,764 INFO org.springframework.web.servlet.FrameworkServlet [http-nio-8080-exec-1] Completed initialization in 7 ms
2019-01-14 07:46:51,863 INFO org.hibernate.hql.internal.QueryTranslatorFactoryInitiator [http-nio-8080-exec-1] HHH000397: Using ASTQueryTranslatorFactory
2019-01-14 07:46:51,956 DEBUG org.hibernate.engine.jdbc.spi.SqlStatementLogger [http-nio-8080-exec-1] 
    select
        distinct count(distinct person0_.id) as col_0_0_ 
    from
        person person0_
2019-01-14 07:46:51,997 DEBUG org.hibernate.engine.jdbc.spi.SqlStatementLogger [http-nio-8080-exec-1] 
    select
        distinct person0_.id as id1_0_,
        person0_.name as name2_0_,
        person0_.password as password3_0_,
        person0_.username as username4_0_,
        person0_.version as version5_0_ 
    from
        person person0_ limit ?
2019-01-14 07:46:52,015 DEBUG org.hibernate.engine.jdbc.spi.SqlStatementLogger [http-nio-8080-exec-1] 
    select
        roleids0_.person_id as person_i1_1_0_,
        roleids0_.role_ids as role_ids2_1_0_ 
    from
        person_role_ids roleids0_ 
    where
        roleids0_.person_id=?
2019-01-14 07:46:52,018 TRACE org.hibernate.type.descriptor.sql.BasicBinder [http-nio-8080-exec-1] binding parameter [1] as [BIGINT] - [1]
2019-01-14 07:46:52,027 DEBUG com.mitrais.study.bootcamp.data.jpa.JpaRepositoryBase [http-nio-8080-exec-1] FindAll Person returned 1 of 1 rows (paged by Page request [number: 0, size 10, sort: UNSORTED])
2019-01-14 07:55:39,071 INFO com.mitrais.study.bootcamp.BootcampApplication [main] Starting application...
2019-01-14 07:55:39,313 INFO com.mitrais.study.bootcamp.BootcampApplication [restartedMain] Starting application...
2019-01-14 07:55:39,746 INFO org.springframework.boot.StartupInfoLogger [restartedMain] Starting BootcampApplication on MTPC8045 with PID 2824 (D:\git\bootcamp\target\classes started by Rudi_W144 in D:\git\bootcamp)
2019-01-14 07:55:39,747 DEBUG org.springframework.boot.StartupInfoLogger [restartedMain] Running with Spring Boot v2.1.1.RELEASE, Spring v5.1.3.RELEASE
2019-01-14 07:55:39,750 INFO org.springframework.boot.SpringApplication [restartedMain] No active profile set, falling back to default profiles: default
2019-01-14 07:55:39,786 INFO org.springframework.boot.logging.DeferredLog [restartedMain] Devtools property defaults active! Set 'spring.devtools.add-properties' to 'false' to disable
2019-01-14 07:55:39,794 INFO org.springframework.boot.logging.DeferredLog [restartedMain] For additional web related logging consider setting the 'logging.level.web' property to 'DEBUG'
2019-01-14 07:55:40,592 INFO org.springframework.data.repository.config.RepositoryConfigurationDelegate [restartedMain] Bootstrapping Spring Data repositories in DEFAULT mode.
2019-01-14 07:55:40,671 INFO org.springframework.data.repository.config.RepositoryConfigurationDelegate [restartedMain] Finished Spring Data repository scanning in 73ms. Found 2 repository interfaces.
2019-01-14 07:55:41,267 INFO org.springframework.context.support.PostProcessorRegistrationDelegate$BeanPostProcessorChecker [restartedMain] Bean 'org.springframework.transaction.annotation.ProxyTransactionManagementConfiguration' of type [org.springframework.transaction.annotation.ProxyTransactionManagementConfiguration$$EnhancerBySpringCGLIB$$90a6a20b] is not eligible for getting processed by all BeanPostProcessors (for example: not eligible for auto-proxying)
2019-01-14 07:55:41,299 INFO org.springframework.context.support.PostProcessorRegistrationDelegate$BeanPostProcessorChecker [restartedMain] Bean 'org.springframework.hateoas.config.HateoasConfiguration' of type [org.springframework.hateoas.config.HateoasConfiguration$$EnhancerBySpringCGLIB$$1026ef3d] is not eligible for getting processed by all BeanPostProcessors (for example: not eligible for auto-proxying)
2019-01-14 07:55:41,981 INFO org.springframework.boot.web.embedded.tomcat.TomcatWebServer [restartedMain] Tomcat initialized with port(s): 8080 (http)
2019-01-14 07:55:41,993 INFO org.apache.juli.logging.DirectJDKLog [restartedMain] Initializing ProtocolHandler ["http-nio-8080"]
2019-01-14 07:55:42,002 INFO org.apache.juli.logging.DirectJDKLog [restartedMain] Starting service [Tomcat]
2019-01-14 07:55:42,002 INFO org.apache.juli.logging.DirectJDKLog [restartedMain] Starting Servlet Engine: Apache Tomcat/9.0.13
2019-01-14 07:55:42,013 INFO org.apache.juli.logging.DirectJDKLog [restartedMain] The APR based Apache Tomcat Native library which allows optimal performance in production environments was not found on the java.library.path: [C:\Program Files\Java\jdk1.8.0_191\bin;C:\Windows\Sun\Java\bin;C:\Windows\system32;C:\Windows;C:\ProgramData\DockerDesktop\version-bin;C:\Program Files\Docker\Docker\Resources\bin;C:\Program Files (x86)\Common Files\Oracle\Java\javapath;C:\Program Files (x86)\Intel\iCLS Client\;C:\Program Files\Intel\iCLS Client\;C:\Windows\system32;C:\Windows;C:\Windows\System32\Wbem;C:\Windows\System32\WindowsPowerShell\v1.0\;C:\Windows\System32\OpenSSH\;C:\Program Files (x86)\Intel\Intel(R) Management Engine Components\DAL;C:\Program Files\Intel\Intel(R) Management Engine Components\DAL;C:\Program Files (x86)\Intel\Intel(R) Management Engine Components\IPT;C:\Program Files\Intel\Intel(R) Management Engine Components\IPT;C:\Program Files\Java\jdk1.8.0_191\bin;C:\apache-maven-3.6.0-bin\apache-maven-3.6.0\bin;C:\PostgreSQL\pg11\bin;C:\Program Files\Git\cmd;C:\Users\Rudi_W144\AppData\Local\Microsoft\WindowsApps;;C:\Program Files\Docker Toolbox;.]
2019-01-14 07:55:42,101 INFO org.apache.juli.logging.DirectJDKLog [restartedMain] Initializing Spring embedded WebApplicationContext
2019-01-14 07:55:42,102 INFO org.springframework.boot.web.servlet.context.ServletWebServerApplicationContext [restartedMain] Root WebApplicationContext: initialization completed in 2308 ms
2019-01-14 07:55:42,208 INFO com.zaxxer.hikari.HikariDataSource [restartedMain] HikariPool-1 - Starting...
2019-01-14 07:55:42,293 INFO com.zaxxer.hikari.HikariDataSource [restartedMain] HikariPool-1 - Start completed.
2019-01-14 07:55:42,768 INFO liquibase.logging.core.Slf4jLogger [restartedMain] SELECT COUNT(*) FROM public.databasechangeloglock
2019-01-14 07:55:42,769 INFO liquibase.logging.core.Slf4jLogger [restartedMain] SELECT COUNT(*) FROM public.databasechangeloglock
2019-01-14 07:55:42,771 INFO liquibase.logging.core.Slf4jLogger [restartedMain] SELECT LOCKED FROM public.databasechangeloglock WHERE ID=1
2019-01-14 07:55:42,784 INFO liquibase.logging.core.Slf4jLogger [restartedMain] Successfully acquired change log lock
2019-01-14 07:55:43,221 INFO liquibase.logging.core.Slf4jLogger [restartedMain] SELECT MD5SUM FROM public.databasechangelog WHERE MD5SUM IS NOT NULL LIMIT 1
2019-01-14 07:55:43,222 INFO liquibase.logging.core.Slf4jLogger [restartedMain] SELECT COUNT(*) FROM public.databasechangelog
2019-01-14 07:55:43,223 INFO liquibase.logging.core.Slf4jLogger [restartedMain] Reading from public.databasechangelog
2019-01-14 07:55:43,223 INFO liquibase.logging.core.Slf4jLogger [restartedMain] SELECT * FROM public.databasechangelog ORDER BY DATEEXECUTED ASC, ORDEREXECUTED ASC
2019-01-14 07:55:43,234 INFO liquibase.logging.core.Slf4jLogger [restartedMain] Successfully released change log lock
2019-01-14 07:55:43,329 INFO org.hibernate.jpa.internal.util.LogHelper [restartedMain] HHH000204: Processing PersistenceUnitInfo [
	name: default
	...]
2019-01-14 07:55:43,389 INFO org.hibernate.Version [restartedMain] HHH000412: Hibernate Core {5.3.7.Final}
2019-01-14 07:55:43,390 INFO org.hibernate.cfg.Environment [restartedMain] HHH000206: hibernate.properties not found
2019-01-14 07:55:43,519 INFO org.hibernate.annotations.common.reflection.java.JavaReflectionManager [restartedMain] HCANN000001: Hibernate Commons Annotations {5.0.4.Final}
2019-01-14 07:55:43,653 INFO org.hibernate.dialect.Dialect [restartedMain] HHH000400: Using dialect: org.hibernate.dialect.PostgreSQL82Dialect
2019-01-14 07:55:43,759 INFO org.hibernate.engine.jdbc.env.internal.LobCreatorBuilderImpl [restartedMain] HHH000421: Disabling contextual LOB creation as hibernate.jdbc.lob.non_contextual_creation is true
2019-01-14 07:55:43,763 INFO org.hibernate.type.BasicTypeRegistry [restartedMain] HHH000270: Type registration [java.util.UUID] overrides previous : org.hibernate.type.UUIDBinaryType@19408cc5
2019-01-14 07:55:44,347 INFO org.springframework.orm.jpa.AbstractEntityManagerFactoryBean [restartedMain] Initialized JPA EntityManagerFactory for persistence unit 'default'
2019-01-14 07:55:44,886 INFO org.springframework.scheduling.concurrent.ExecutorConfigurationSupport [restartedMain] Initializing ExecutorService 'applicationTaskExecutor'
2019-01-14 07:55:44,931 WARN org.springframework.boot.autoconfigure.orm.jpa.JpaBaseConfiguration$JpaWebConfiguration$JpaWebMvcConfiguration [restartedMain] spring.jpa.open-in-view is enabled by default. Therefore, database queries may be performed during view rendering. Explicitly configure spring.jpa.open-in-view to disable this warning
2019-01-14 07:55:45,000 WARN org.springframework.boot.autoconfigure.thymeleaf.ThymeleafAutoConfiguration$DefaultTemplateResolverConfiguration [restartedMain] Cannot find template location: classpath:/templates/ (please add some templates or check your Thymeleaf configuration)
2019-01-14 07:55:45,232 INFO org.springframework.security.web.DefaultSecurityFilterChain [restartedMain] Creating filter chain: any request, [org.springframework.security.web.context.request.async.WebAsyncManagerIntegrationFilter@ebc06ad, org.springframework.security.web.context.SecurityContextPersistenceFilter@395efec, org.springframework.security.web.context.SecurityContextPersistenceFilter@25d82eb1, org.springframework.security.web.header.HeaderWriterFilter@6e4f14c5, org.springframework.security.web.authentication.logout.LogoutFilter@1d60b5d4, org.springframework.security.web.savedrequest.RequestCacheAwareFilter@4c248ef5, org.springframework.security.web.servletapi.SecurityContextHolderAwareRequestFilter@784701d4, org.springframework.security.web.authentication.AnonymousAuthenticationFilter@2145e899, org.springframework.security.web.session.SessionManagementFilter@375e8ffe, org.springframework.security.web.access.ExceptionTranslationFilter@5abca32d, org.springframework.security.web.access.intercept.FilterSecurityInterceptor@474328c7]
2019-01-14 07:55:45,286 INFO org.springframework.boot.devtools.autoconfigure.OptionalLiveReloadServer [restartedMain] LiveReload server is running on port 35729
2019-01-14 07:55:45,312 INFO org.apache.juli.logging.DirectJDKLog [restartedMain] Starting ProtocolHandler ["http-nio-8080"]
2019-01-14 07:55:45,321 INFO org.apache.juli.logging.DirectJDKLog [restartedMain] Using a shared selector for servlet write/read
2019-01-14 07:55:45,336 INFO org.springframework.boot.web.embedded.tomcat.TomcatWebServer [restartedMain] Tomcat started on port(s): 8080 (http) with context path ''
2019-01-14 07:55:45,338 INFO org.springframework.boot.StartupInfoLogger [restartedMain] Started BootcampApplication in 6.022 seconds (JVM running for 6.759)
2019-01-14 07:55:45,342 INFO com.mitrais.study.bootcamp.BootcampApplication [restartedMain] Application is ready...
2019-01-14 07:55:50,527 INFO org.apache.juli.logging.DirectJDKLog [http-nio-8080-exec-1] Initializing Spring DispatcherServlet 'dispatcherServlet'
2019-01-14 07:55:50,528 INFO org.springframework.web.servlet.FrameworkServlet [http-nio-8080-exec-1] Initializing Servlet 'dispatcherServlet'
2019-01-14 07:55:50,539 INFO org.springframework.web.servlet.FrameworkServlet [http-nio-8080-exec-1] Completed initialization in 11 ms
2019-01-14 07:55:50,634 INFO org.hibernate.hql.internal.QueryTranslatorFactoryInitiator [http-nio-8080-exec-1] HHH000397: Using ASTQueryTranslatorFactory
2019-01-14 07:55:50,730 DEBUG org.hibernate.engine.jdbc.spi.SqlStatementLogger [http-nio-8080-exec-1] 
    select
        distinct count(distinct person0_.id) as col_0_0_ 
    from
        person person0_
2019-01-14 07:55:50,762 DEBUG org.hibernate.engine.jdbc.spi.SqlStatementLogger [http-nio-8080-exec-1] 
    select
        distinct person0_.id as id1_0_,
        person0_.name as name2_0_,
        person0_.password as password3_0_,
        person0_.username as username4_0_,
        person0_.version as version5_0_ 
    from
        person person0_ limit ?
2019-01-14 07:55:50,778 DEBUG org.hibernate.engine.jdbc.spi.SqlStatementLogger [http-nio-8080-exec-1] 
    select
        roleids0_.person_id as person_i1_1_0_,
        roleids0_.role_ids as role_ids2_1_0_ 
    from
        person_role_ids roleids0_ 
    where
        roleids0_.person_id=?
2019-01-14 07:55:50,780 TRACE org.hibernate.type.descriptor.sql.BasicBinder [http-nio-8080-exec-1] binding parameter [1] as [BIGINT] - [1]
2019-01-14 07:55:50,785 DEBUG com.mitrais.study.bootcamp.data.jpa.JpaRepositoryBase [http-nio-8080-exec-1] FindAll Person returned 1 of 1 rows (paged by Page request [number: 0, size 10, sort: UNSORTED])
2019-01-14 07:58:07,885 INFO org.springframework.scheduling.concurrent.ExecutorConfigurationSupport [Thread-7] Shutting down ExecutorService 'applicationTaskExecutor'
2019-01-14 07:58:07,886 INFO org.springframework.orm.jpa.AbstractEntityManagerFactoryBean [Thread-7] Closing JPA EntityManagerFactory for persistence unit 'default'
2019-01-14 07:58:07,889 INFO com.zaxxer.hikari.HikariDataSource [Thread-7] HikariPool-1 - Shutdown initiated...
2019-01-14 07:58:07,892 INFO com.zaxxer.hikari.HikariDataSource [Thread-7] HikariPool-1 - Shutdown completed.
2019-01-14 07:58:08,249 INFO com.mitrais.study.bootcamp.BootcampApplication [restartedMain] Starting application...
2019-01-14 07:58:08,351 INFO org.springframework.boot.StartupInfoLogger [restartedMain] Starting BootcampApplication on MTPC8045 with PID 2824 (D:\git\bootcamp\target\classes started by Rudi_W144 in D:\git\bootcamp)
2019-01-14 07:58:08,352 DEBUG org.springframework.boot.StartupInfoLogger [restartedMain] Running with Spring Boot v2.1.1.RELEASE, Spring v5.1.3.RELEASE
2019-01-14 07:58:08,352 INFO org.springframework.boot.SpringApplication [restartedMain] No active profile set, falling back to default profiles: default
2019-01-14 07:58:08,709 INFO org.springframework.data.repository.config.RepositoryConfigurationDelegate [restartedMain] Bootstrapping Spring Data repositories in DEFAULT mode.
2019-01-14 07:58:08,730 INFO org.springframework.data.repository.config.RepositoryConfigurationDelegate [restartedMain] Finished Spring Data repository scanning in 21ms. Found 2 repository interfaces.
2019-01-14 07:58:08,794 INFO org.springframework.context.support.PostProcessorRegistrationDelegate$BeanPostProcessorChecker [restartedMain] Bean 'org.springframework.transaction.annotation.ProxyTransactionManagementConfiguration' of type [org.springframework.transaction.annotation.ProxyTransactionManagementConfiguration$$EnhancerBySpringCGLIB$$90a6a20b] is not eligible for getting processed by all BeanPostProcessors (for example: not eligible for auto-proxying)
2019-01-14 07:58:08,796 INFO org.springframework.context.support.PostProcessorRegistrationDelegate$BeanPostProcessorChecker [restartedMain] Bean 'org.springframework.hateoas.config.HateoasConfiguration' of type [org.springframework.hateoas.config.HateoasConfiguration$$EnhancerBySpringCGLIB$$1026ef3d] is not eligible for getting processed by all BeanPostProcessors (for example: not eligible for auto-proxying)
2019-01-14 07:58:08,897 INFO org.springframework.boot.web.embedded.tomcat.TomcatWebServer [restartedMain] Tomcat initialized with port(s): 8080 (http)
2019-01-14 07:58:08,897 INFO org.apache.juli.logging.DirectJDKLog [restartedMain] Initializing ProtocolHandler ["http-nio-8080"]
2019-01-14 07:58:08,898 INFO org.apache.juli.logging.DirectJDKLog [restartedMain] Starting service [Tomcat]
2019-01-14 07:58:08,898 INFO org.apache.juli.logging.DirectJDKLog [restartedMain] Starting Servlet Engine: Apache Tomcat/9.0.13
2019-01-14 07:58:08,911 INFO org.apache.juli.logging.DirectJDKLog [restartedMain] Initializing Spring embedded WebApplicationContext
2019-01-14 07:58:08,912 INFO org.springframework.boot.web.servlet.context.ServletWebServerApplicationContext [restartedMain] Root WebApplicationContext: initialization completed in 558 ms
2019-01-14 07:58:08,940 INFO com.zaxxer.hikari.HikariDataSource [restartedMain] HikariPool-2 - Starting...
2019-01-14 07:58:08,959 INFO com.zaxxer.hikari.HikariDataSource [restartedMain] HikariPool-2 - Start completed.
2019-01-14 07:58:09,097 INFO liquibase.logging.core.Slf4jLogger [restartedMain] SELECT COUNT(*) FROM public.databasechangeloglock
2019-01-14 07:58:09,099 INFO liquibase.logging.core.Slf4jLogger [restartedMain] SELECT COUNT(*) FROM public.databasechangeloglock
2019-01-14 07:58:09,099 INFO liquibase.logging.core.Slf4jLogger [restartedMain] SELECT LOCKED FROM public.databasechangeloglock WHERE ID=1
2019-01-14 07:58:09,101 INFO liquibase.logging.core.Slf4jLogger [restartedMain] Successfully acquired change log lock
2019-01-14 07:58:09,135 INFO liquibase.logging.core.Slf4jLogger [restartedMain] SELECT MD5SUM FROM public.databasechangelog WHERE MD5SUM IS NOT NULL LIMIT 1
2019-01-14 07:58:09,136 INFO liquibase.logging.core.Slf4jLogger [restartedMain] SELECT COUNT(*) FROM public.databasechangelog
2019-01-14 07:58:09,137 INFO liquibase.logging.core.Slf4jLogger [restartedMain] Reading from public.databasechangelog
2019-01-14 07:58:09,137 INFO liquibase.logging.core.Slf4jLogger [restartedMain] SELECT * FROM public.databasechangelog ORDER BY DATEEXECUTED ASC, ORDEREXECUTED ASC
2019-01-14 07:58:09,145 INFO liquibase.logging.core.Slf4jLogger [restartedMain] Successfully released change log lock
2019-01-14 07:58:09,173 INFO org.hibernate.jpa.internal.util.LogHelper [restartedMain] HHH000204: Processing PersistenceUnitInfo [
	name: default
	...]
2019-01-14 07:58:09,183 INFO org.hibernate.dialect.Dialect [restartedMain] HHH000400: Using dialect: org.hibernate.dialect.PostgreSQL82Dialect
2019-01-14 07:58:09,255 INFO org.hibernate.engine.jdbc.env.internal.LobCreatorBuilderImpl [restartedMain] HHH000421: Disabling contextual LOB creation as hibernate.jdbc.lob.non_contextual_creation is true
2019-01-14 07:58:09,255 INFO org.hibernate.type.BasicTypeRegistry [restartedMain] HHH000270: Type registration [java.util.UUID] overrides previous : org.hibernate.type.UUIDBinaryType@19408cc5
2019-01-14 07:58:09,291 INFO org.springframework.orm.jpa.AbstractEntityManagerFactoryBean [restartedMain] Initialized JPA EntityManagerFactory for persistence unit 'default'
2019-01-14 07:58:09,452 INFO org.springframework.scheduling.concurrent.ExecutorConfigurationSupport [restartedMain] Initializing ExecutorService 'applicationTaskExecutor'
2019-01-14 07:58:09,457 WARN org.springframework.boot.autoconfigure.orm.jpa.JpaBaseConfiguration$JpaWebConfiguration$JpaWebMvcConfiguration [restartedMain] spring.jpa.open-in-view is enabled by default. Therefore, database queries may be performed during view rendering. Explicitly configure spring.jpa.open-in-view to disable this warning
2019-01-14 07:58:09,480 WARN org.springframework.boot.autoconfigure.thymeleaf.ThymeleafAutoConfiguration$DefaultTemplateResolverConfiguration [restartedMain] Cannot find template location: classpath:/templates/ (please add some templates or check your Thymeleaf configuration)
2019-01-14 07:58:09,527 INFO org.springframework.security.web.DefaultSecurityFilterChain [restartedMain] Creating filter chain: any request, [org.springframework.security.web.context.request.async.WebAsyncManagerIntegrationFilter@149b1cb7, org.springframework.security.web.context.SecurityContextPersistenceFilter@572a5f59, org.springframework.security.web.context.SecurityContextPersistenceFilter@7622fdc3, org.springframework.security.web.header.HeaderWriterFilter@31e61ec1, org.springframework.security.web.authentication.logout.LogoutFilter@5e93f0c, org.springframework.security.web.savedrequest.RequestCacheAwareFilter@5bdc1147, org.springframework.security.web.servletapi.SecurityContextHolderAwareRequestFilter@5a4d0ceb, org.springframework.security.web.authentication.AnonymousAuthenticationFilter@72198a2f, org.springframework.security.web.session.SessionManagementFilter@5aa0ab6d, org.springframework.security.web.access.ExceptionTranslationFilter@4c9c39f1, org.springframework.security.web.access.intercept.FilterSecurityInterceptor@71ceeaed]
2019-01-14 07:58:09,547 INFO org.springframework.boot.devtools.autoconfigure.OptionalLiveReloadServer [restartedMain] LiveReload server is running on port 35729
2019-01-14 07:58:09,562 INFO org.apache.juli.logging.DirectJDKLog [restartedMain] Starting ProtocolHandler ["http-nio-8080"]
2019-01-14 07:58:09,564 INFO org.apache.juli.logging.DirectJDKLog [restartedMain] Using a shared selector for servlet write/read
2019-01-14 07:58:09,566 INFO org.springframework.boot.web.embedded.tomcat.TomcatWebServer [restartedMain] Tomcat started on port(s): 8080 (http) with context path ''
2019-01-14 07:58:09,567 INFO org.springframework.boot.StartupInfoLogger [restartedMain] Started BootcampApplication in 1.313 seconds (JVM running for 150.987)
2019-01-14 07:58:09,569 INFO org.springframework.boot.devtools.autoconfigure.ConditionEvaluationDeltaLoggingListener [restartedMain] Condition evaluation unchanged
2019-01-14 07:58:09,570 INFO com.mitrais.study.bootcamp.BootcampApplication [restartedMain] Application is ready...
2019-01-14 07:58:15,109 INFO org.apache.juli.logging.DirectJDKLog [http-nio-8080-exec-10] Initializing Spring DispatcherServlet 'dispatcherServlet'
2019-01-14 07:58:15,110 INFO org.springframework.web.servlet.FrameworkServlet [http-nio-8080-exec-10] Initializing Servlet 'dispatcherServlet'
2019-01-14 07:58:15,118 INFO org.springframework.web.servlet.FrameworkServlet [http-nio-8080-exec-10] Completed initialization in 8 ms
2019-01-14 07:58:15,130 INFO org.hibernate.hql.internal.QueryTranslatorFactoryInitiator [http-nio-8080-exec-10] HHH000397: Using ASTQueryTranslatorFactory
2019-01-14 07:58:15,132 DEBUG org.hibernate.engine.jdbc.spi.SqlStatementLogger [http-nio-8080-exec-10] 
    select
        distinct count(distinct person0_.id) as col_0_0_ 
    from
        person person0_
2019-01-14 07:58:15,136 DEBUG org.hibernate.engine.jdbc.spi.SqlStatementLogger [http-nio-8080-exec-10] 
    select
        distinct person0_.id as id1_0_,
        person0_.name as name2_0_,
        person0_.password as password3_0_,
        person0_.username as username4_0_,
        person0_.version as version5_0_ 
    from
        person person0_ limit ?
2019-01-14 07:58:15,137 DEBUG org.hibernate.engine.jdbc.spi.SqlStatementLogger [http-nio-8080-exec-10] 
    select
        roleids0_.person_id as person_i1_1_0_,
        roleids0_.role_ids as role_ids2_1_0_ 
    from
        person_role_ids roleids0_ 
    where
        roleids0_.person_id=?
2019-01-14 07:58:15,138 TRACE org.hibernate.type.descriptor.sql.BasicBinder [http-nio-8080-exec-10] binding parameter [1] as [BIGINT] - [1]
2019-01-14 07:58:15,139 DEBUG com.mitrais.study.bootcamp.data.jpa.JpaRepositoryBase [http-nio-8080-exec-10] FindAll Person returned 1 of 1 rows (paged by Page request [number: 0, size 10, sort: UNSORTED])
2019-01-14 07:58:54,169 INFO org.springframework.scheduling.concurrent.ExecutorConfigurationSupport [Thread-11] Shutting down ExecutorService 'applicationTaskExecutor'
2019-01-14 07:58:54,170 INFO org.springframework.orm.jpa.AbstractEntityManagerFactoryBean [Thread-11] Closing JPA EntityManagerFactory for persistence unit 'default'
2019-01-14 07:58:54,171 INFO com.zaxxer.hikari.HikariDataSource [Thread-11] HikariPool-2 - Shutdown initiated...
2019-01-14 07:58:54,174 INFO com.zaxxer.hikari.HikariDataSource [Thread-11] HikariPool-2 - Shutdown completed.
2019-01-14 07:58:54,538 INFO com.mitrais.study.bootcamp.BootcampApplication [restartedMain] Starting application...
2019-01-14 07:58:54,611 INFO org.springframework.boot.StartupInfoLogger [restartedMain] Starting BootcampApplication on MTPC8045 with PID 2824 (D:\git\bootcamp\target\classes started by Rudi_W144 in D:\git\bootcamp)
2019-01-14 07:58:54,611 DEBUG org.springframework.boot.StartupInfoLogger [restartedMain] Running with Spring Boot v2.1.1.RELEASE, Spring v5.1.3.RELEASE
2019-01-14 07:58:54,613 INFO org.springframework.boot.SpringApplication [restartedMain] No active profile set, falling back to default profiles: default
2019-01-14 07:58:54,860 INFO org.springframework.data.repository.config.RepositoryConfigurationDelegate [restartedMain] Bootstrapping Spring Data repositories in DEFAULT mode.
2019-01-14 07:58:54,877 INFO org.springframework.data.repository.config.RepositoryConfigurationDelegate [restartedMain] Finished Spring Data repository scanning in 17ms. Found 2 repository interfaces.
2019-01-14 07:58:54,944 INFO org.springframework.context.support.PostProcessorRegistrationDelegate$BeanPostProcessorChecker [restartedMain] Bean 'org.springframework.transaction.annotation.ProxyTransactionManagementConfiguration' of type [org.springframework.transaction.annotation.ProxyTransactionManagementConfiguration$$EnhancerBySpringCGLIB$$90a6a20b] is not eligible for getting processed by all BeanPostProcessors (for example: not eligible for auto-proxying)
2019-01-14 07:58:54,946 INFO org.springframework.context.support.PostProcessorRegistrationDelegate$BeanPostProcessorChecker [restartedMain] Bean 'org.springframework.hateoas.config.HateoasConfiguration' of type [org.springframework.hateoas.config.HateoasConfiguration$$EnhancerBySpringCGLIB$$1026ef3d] is not eligible for getting processed by all BeanPostProcessors (for example: not eligible for auto-proxying)
2019-01-14 07:58:55,031 INFO org.springframework.boot.web.embedded.tomcat.TomcatWebServer [restartedMain] Tomcat initialized with port(s): 8080 (http)
2019-01-14 07:58:55,031 INFO org.apache.juli.logging.DirectJDKLog [restartedMain] Initializing ProtocolHandler ["http-nio-8080"]
2019-01-14 07:58:55,032 INFO org.apache.juli.logging.DirectJDKLog [restartedMain] Starting service [Tomcat]
2019-01-14 07:58:55,033 INFO org.apache.juli.logging.DirectJDKLog [restartedMain] Starting Servlet Engine: Apache Tomcat/9.0.13
2019-01-14 07:58:55,048 INFO org.apache.juli.logging.DirectJDKLog [restartedMain] Initializing Spring embedded WebApplicationContext
2019-01-14 07:58:55,049 INFO org.springframework.boot.web.servlet.context.ServletWebServerApplicationContext [restartedMain] Root WebApplicationContext: initialization completed in 432 ms
2019-01-14 07:58:55,087 INFO com.zaxxer.hikari.HikariDataSource [restartedMain] HikariPool-3 - Starting...
2019-01-14 07:58:55,111 INFO com.zaxxer.hikari.HikariDataSource [restartedMain] HikariPool-3 - Start completed.
2019-01-14 07:58:55,309 INFO liquibase.logging.core.Slf4jLogger [restartedMain] SELECT COUNT(*) FROM public.databasechangeloglock
2019-01-14 07:58:55,314 INFO liquibase.logging.core.Slf4jLogger [restartedMain] SELECT COUNT(*) FROM public.databasechangeloglock
2019-01-14 07:58:55,316 INFO liquibase.logging.core.Slf4jLogger [restartedMain] SELECT LOCKED FROM public.databasechangeloglock WHERE ID=1
2019-01-14 07:58:55,321 INFO liquibase.logging.core.Slf4jLogger [restartedMain] Successfully acquired change log lock
2019-01-14 07:58:55,346 INFO liquibase.logging.core.Slf4jLogger [restartedMain] SELECT MD5SUM FROM public.databasechangelog WHERE MD5SUM IS NOT NULL LIMIT 1
2019-01-14 07:58:55,347 INFO liquibase.logging.core.Slf4jLogger [restartedMain] SELECT COUNT(*) FROM public.databasechangelog
2019-01-14 07:58:55,348 INFO liquibase.logging.core.Slf4jLogger [restartedMain] Reading from public.databasechangelog
2019-01-14 07:58:55,348 INFO liquibase.logging.core.Slf4jLogger [restartedMain] SELECT * FROM public.databasechangelog ORDER BY DATEEXECUTED ASC, ORDEREXECUTED ASC
2019-01-14 07:58:55,355 INFO liquibase.logging.core.Slf4jLogger [restartedMain] Successfully released change log lock
2019-01-14 07:58:55,385 INFO org.hibernate.jpa.internal.util.LogHelper [restartedMain] HHH000204: Processing PersistenceUnitInfo [
	name: default
	...]
2019-01-14 07:58:55,398 INFO org.hibernate.dialect.Dialect [restartedMain] HHH000400: Using dialect: org.hibernate.dialect.PostgreSQL82Dialect
2019-01-14 07:58:55,479 INFO org.hibernate.engine.jdbc.env.internal.LobCreatorBuilderImpl [restartedMain] HHH000421: Disabling contextual LOB creation as hibernate.jdbc.lob.non_contextual_creation is true
2019-01-14 07:58:55,479 INFO org.hibernate.type.BasicTypeRegistry [restartedMain] HHH000270: Type registration [java.util.UUID] overrides previous : org.hibernate.type.UUIDBinaryType@19408cc5
2019-01-14 07:58:55,528 INFO org.springframework.orm.jpa.AbstractEntityManagerFactoryBean [restartedMain] Initialized JPA EntityManagerFactory for persistence unit 'default'
2019-01-14 07:58:55,835 INFO org.springframework.scheduling.concurrent.ExecutorConfigurationSupport [restartedMain] Initializing ExecutorService 'applicationTaskExecutor'
2019-01-14 07:58:55,845 WARN org.springframework.boot.autoconfigure.orm.jpa.JpaBaseConfiguration$JpaWebConfiguration$JpaWebMvcConfiguration [restartedMain] spring.jpa.open-in-view is enabled by default. Therefore, database queries may be performed during view rendering. Explicitly configure spring.jpa.open-in-view to disable this warning
2019-01-14 07:58:55,851 WARN org.springframework.context.support.AbstractApplicationContext [restartedMain] Exception encountered during context initialization - cancelling refresh attempt: org.springframework.beans.factory.BeanCreationException: Error creating bean with name 'requestMappingHandlerMapping' defined in class path resource [org/springframework/boot/autoconfigure/web/servlet/WebMvcAutoConfiguration$EnableWebMvcConfiguration.class]: Invocation of init method failed; nested exception is java.lang.IllegalStateException: Ambiguous mapping. Cannot map 'personController' method 
public org.springframework.http.ResponseEntity<com.mitrais.study.bootcamp.config.rs.PersonResource> com.mitrais.study.bootcamp.controller.PersonController.modify(com.mitrais.study.bootcamp.model.rs.Person)
to {POST /person/add, consumes [application/json;charset=UTF-8], produces [application/json;charset=UTF-8]}: There is already 'personController' bean method
public org.springframework.http.ResponseEntity<com.mitrais.study.bootcamp.config.rs.PersonResource> com.mitrais.study.bootcamp.controller.PersonController.add(com.mitrais.study.bootcamp.model.rs.Person) mapped.
2019-01-14 07:58:55,851 INFO org.springframework.scheduling.concurrent.ExecutorConfigurationSupport [restartedMain] Shutting down ExecutorService 'applicationTaskExecutor'
2019-01-14 07:58:55,852 INFO org.springframework.orm.jpa.AbstractEntityManagerFactoryBean [restartedMain] Closing JPA EntityManagerFactory for persistence unit 'default'
2019-01-14 07:58:55,852 INFO com.zaxxer.hikari.HikariDataSource [restartedMain] HikariPool-3 - Shutdown initiated...
2019-01-14 07:58:55,859 INFO com.zaxxer.hikari.HikariDataSource [restartedMain] HikariPool-3 - Shutdown completed.
2019-01-14 07:58:55,860 INFO org.apache.juli.logging.DirectJDKLog [restartedMain] Stopping service [Tomcat]
2019-01-14 07:58:55,868 INFO org.springframework.boot.autoconfigure.logging.ConditionEvaluationReportLoggingListener [restartedMain] 

Error starting ApplicationContext. To display the conditions report re-run your application with 'debug' enabled.
2019-01-14 07:58:55,872 ERROR org.springframework.boot.SpringApplication [restartedMain] Application run failed
org.springframework.beans.factory.BeanCreationException: Error creating bean with name 'requestMappingHandlerMapping' defined in class path resource [org/springframework/boot/autoconfigure/web/servlet/WebMvcAutoConfiguration$EnableWebMvcConfiguration.class]: Invocation of init method failed; nested exception is java.lang.IllegalStateException: Ambiguous mapping. Cannot map 'personController' method 
public org.springframework.http.ResponseEntity<com.mitrais.study.bootcamp.config.rs.PersonResource> com.mitrais.study.bootcamp.controller.PersonController.modify(com.mitrais.study.bootcamp.model.rs.Person)
to {POST /person/add, consumes [application/json;charset=UTF-8], produces [application/json;charset=UTF-8]}: There is already 'personController' bean method
public org.springframework.http.ResponseEntity<com.mitrais.study.bootcamp.config.rs.PersonResource> com.mitrais.study.bootcamp.controller.PersonController.add(com.mitrais.study.bootcamp.model.rs.Person) mapped.
	at org.springframework.beans.factory.support.AbstractAutowireCapableBeanFactory.initializeBean(AbstractAutowireCapableBeanFactory.java:1745)
	at org.springframework.beans.factory.support.AbstractAutowireCapableBeanFactory.doCreateBean(AbstractAutowireCapableBeanFactory.java:576)
	at org.springframework.beans.factory.support.AbstractAutowireCapableBeanFactory.createBean(AbstractAutowireCapableBeanFactory.java:498)
	at org.springframework.beans.factory.support.AbstractBeanFactory.lambda$doGetBean$0(AbstractBeanFactory.java:320)
	at org.springframework.beans.factory.support.DefaultSingletonBeanRegistry.getSingleton(DefaultSingletonBeanRegistry.java:222)
	at org.springframework.beans.factory.support.AbstractBeanFactory.doGetBean(AbstractBeanFactory.java:318)
	at org.springframework.beans.factory.support.AbstractBeanFactory.getBean(AbstractBeanFactory.java:199)
	at org.springframework.beans.factory.support.DefaultListableBeanFactory.preInstantiateSingletons(DefaultListableBeanFactory.java:846)
	at org.springframework.context.support.AbstractApplicationContext.finishBeanFactoryInitialization(AbstractApplicationContext.java:863)
	at org.springframework.context.support.AbstractApplicationContext.refresh(AbstractApplicationContext.java:546)
	at org.springframework.boot.web.servlet.context.ServletWebServerApplicationContext.refresh(ServletWebServerApplicationContext.java:142)
	at org.springframework.boot.SpringApplication.refresh(SpringApplication.java:775)
	at org.springframework.boot.SpringApplication.refreshContext(SpringApplication.java:397)
	at org.springframework.boot.SpringApplication.run(SpringApplication.java:316)
	at org.springframework.boot.SpringApplication.run(SpringApplication.java:1260)
	at org.springframework.boot.SpringApplication.run(SpringApplication.java:1248)
	at com.mitrais.study.bootcamp.BootcampApplication.main(BootcampApplication.java:19)
	at sun.reflect.NativeMethodAccessorImpl.invoke0(Native Method)
	at sun.reflect.NativeMethodAccessorImpl.invoke(NativeMethodAccessorImpl.java:62)
	at sun.reflect.DelegatingMethodAccessorImpl.invoke(DelegatingMethodAccessorImpl.java:43)
	at java.lang.reflect.Method.invoke(Method.java:498)
	at org.springframework.boot.devtools.restart.RestartLauncher.run(RestartLauncher.java:49)
Caused by: java.lang.IllegalStateException: Ambiguous mapping. Cannot map 'personController' method 
public org.springframework.http.ResponseEntity<com.mitrais.study.bootcamp.config.rs.PersonResource> com.mitrais.study.bootcamp.controller.PersonController.modify(com.mitrais.study.bootcamp.model.rs.Person)
to {POST /person/add, consumes [application/json;charset=UTF-8], produces [application/json;charset=UTF-8]}: There is already 'personController' bean method
public org.springframework.http.ResponseEntity<com.mitrais.study.bootcamp.config.rs.PersonResource> com.mitrais.study.bootcamp.controller.PersonController.add(com.mitrais.study.bootcamp.model.rs.Person) mapped.
	at org.springframework.web.servlet.handler.AbstractHandlerMethodMapping$MappingRegistry.assertUniqueMethodMapping(AbstractHandlerMethodMapping.java:621)
	at org.springframework.web.servlet.handler.AbstractHandlerMethodMapping$MappingRegistry.register(AbstractHandlerMethodMapping.java:589)
	at org.springframework.web.servlet.handler.AbstractHandlerMethodMapping.registerHandlerMethod(AbstractHandlerMethodMapping.java:315)
	at org.springframework.web.servlet.handler.AbstractHandlerMethodMapping.lambda$detectHandlerMethods$1(AbstractHandlerMethodMapping.java:282)
	at java.util.LinkedHashMap.forEach(LinkedHashMap.java:684)
	at org.springframework.web.servlet.handler.AbstractHandlerMethodMapping.detectHandlerMethods(AbstractHandlerMethodMapping.java:280)
	at org.springframework.web.servlet.handler.AbstractHandlerMethodMapping.processCandidateBean(AbstractHandlerMethodMapping.java:252)
	at org.springframework.web.servlet.handler.AbstractHandlerMethodMapping.initHandlerMethods(AbstractHandlerMethodMapping.java:211)
	at org.springframework.web.servlet.handler.AbstractHandlerMethodMapping.afterPropertiesSet(AbstractHandlerMethodMapping.java:199)
	at org.springframework.web.servlet.mvc.method.annotation.RequestMappingHandlerMapping.afterPropertiesSet(RequestMappingHandlerMapping.java:164)
	at org.springframework.beans.factory.support.AbstractAutowireCapableBeanFactory.invokeInitMethods(AbstractAutowireCapableBeanFactory.java:1804)
	at org.springframework.beans.factory.support.AbstractAutowireCapableBeanFactory.initializeBean(AbstractAutowireCapableBeanFactory.java:1741)
	... 21 common frames omitted
2019-01-14 08:36:39,151 INFO com.mitrais.study.bootcamp.BootcampApplication [main] Starting application...
2019-01-14 08:36:39,385 INFO com.mitrais.study.bootcamp.BootcampApplication [restartedMain] Starting application...
2019-01-14 08:36:39,780 INFO org.springframework.boot.StartupInfoLogger [restartedMain] Starting BootcampApplication on MTPC8045 with PID 1388 (D:\git\bootcamp\target\classes started by Rudi_W144 in D:\git\bootcamp)
2019-01-14 08:36:39,781 DEBUG org.springframework.boot.StartupInfoLogger [restartedMain] Running with Spring Boot v2.1.1.RELEASE, Spring v5.1.3.RELEASE
2019-01-14 08:36:39,783 INFO org.springframework.boot.SpringApplication [restartedMain] No active profile set, falling back to default profiles: default
2019-01-14 08:36:39,836 INFO org.springframework.boot.logging.DeferredLog [restartedMain] Devtools property defaults active! Set 'spring.devtools.add-properties' to 'false' to disable
2019-01-14 08:36:39,836 INFO org.springframework.boot.logging.DeferredLog [restartedMain] For additional web related logging consider setting the 'logging.level.web' property to 'DEBUG'
2019-01-14 08:36:40,561 INFO org.springframework.data.repository.config.RepositoryConfigurationDelegate [restartedMain] Bootstrapping Spring Data repositories in DEFAULT mode.
2019-01-14 08:36:40,634 INFO org.springframework.data.repository.config.RepositoryConfigurationDelegate [restartedMain] Finished Spring Data repository scanning in 67ms. Found 2 repository interfaces.
2019-01-14 08:36:41,007 INFO org.springframework.context.support.PostProcessorRegistrationDelegate$BeanPostProcessorChecker [restartedMain] Bean 'org.springframework.transaction.annotation.ProxyTransactionManagementConfiguration' of type [org.springframework.transaction.annotation.ProxyTransactionManagementConfiguration$$EnhancerBySpringCGLIB$$b888d593] is not eligible for getting processed by all BeanPostProcessors (for example: not eligible for auto-proxying)
2019-01-14 08:36:41,031 INFO org.springframework.context.support.PostProcessorRegistrationDelegate$BeanPostProcessorChecker [restartedMain] Bean 'org.springframework.hateoas.config.HateoasConfiguration' of type [org.springframework.hateoas.config.HateoasConfiguration$$EnhancerBySpringCGLIB$$380922c5] is not eligible for getting processed by all BeanPostProcessors (for example: not eligible for auto-proxying)
2019-01-14 08:36:41,573 INFO org.springframework.boot.web.embedded.tomcat.TomcatWebServer [restartedMain] Tomcat initialized with port(s): 8080 (http)
2019-01-14 08:36:41,584 INFO org.apache.juli.logging.DirectJDKLog [restartedMain] Initializing ProtocolHandler ["http-nio-8080"]
2019-01-14 08:36:41,592 INFO org.apache.juli.logging.DirectJDKLog [restartedMain] Starting service [Tomcat]
2019-01-14 08:36:41,593 INFO org.apache.juli.logging.DirectJDKLog [restartedMain] Starting Servlet Engine: Apache Tomcat/9.0.13
2019-01-14 08:36:41,604 INFO org.apache.juli.logging.DirectJDKLog [restartedMain] The APR based Apache Tomcat Native library which allows optimal performance in production environments was not found on the java.library.path: [C:\Program Files\Java\jdk1.8.0_191\bin;C:\Windows\Sun\Java\bin;C:\Windows\system32;C:\Windows;C:\ProgramData\DockerDesktop\version-bin;C:\Program Files\Docker\Docker\Resources\bin;C:\Program Files (x86)\Common Files\Oracle\Java\javapath;C:\Program Files (x86)\Intel\iCLS Client\;C:\Program Files\Intel\iCLS Client\;C:\Windows\system32;C:\Windows;C:\Windows\System32\Wbem;C:\Windows\System32\WindowsPowerShell\v1.0\;C:\Windows\System32\OpenSSH\;C:\Program Files (x86)\Intel\Intel(R) Management Engine Components\DAL;C:\Program Files\Intel\Intel(R) Management Engine Components\DAL;C:\Program Files (x86)\Intel\Intel(R) Management Engine Components\IPT;C:\Program Files\Intel\Intel(R) Management Engine Components\IPT;C:\Program Files\Java\jdk1.8.0_191\bin;C:\apache-maven-3.6.0-bin\apache-maven-3.6.0\bin;C:\PostgreSQL\pg11\bin;C:\Program Files\Git\cmd;C:\Users\Rudi_W144\AppData\Local\Microsoft\WindowsApps;;C:\Program Files\Docker Toolbox;.]
2019-01-14 08:36:41,692 INFO org.apache.juli.logging.DirectJDKLog [restartedMain] Initializing Spring embedded WebApplicationContext
2019-01-14 08:36:41,693 INFO org.springframework.boot.web.servlet.context.ServletWebServerApplicationContext [restartedMain] Root WebApplicationContext: initialization completed in 1856 ms
2019-01-14 08:36:41,808 INFO com.zaxxer.hikari.HikariDataSource [restartedMain] HikariPool-1 - Starting...
2019-01-14 08:36:41,894 INFO com.zaxxer.hikari.HikariDataSource [restartedMain] HikariPool-1 - Start completed.
2019-01-14 08:36:42,358 INFO liquibase.logging.core.Slf4jLogger [restartedMain] SELECT COUNT(*) FROM public.databasechangeloglock
2019-01-14 08:36:42,359 INFO liquibase.logging.core.Slf4jLogger [restartedMain] SELECT COUNT(*) FROM public.databasechangeloglock
2019-01-14 08:36:42,361 INFO liquibase.logging.core.Slf4jLogger [restartedMain] SELECT LOCKED FROM public.databasechangeloglock WHERE ID=1
2019-01-14 08:36:42,377 INFO liquibase.logging.core.Slf4jLogger [restartedMain] Successfully acquired change log lock
2019-01-14 08:36:42,816 INFO liquibase.logging.core.Slf4jLogger [restartedMain] SELECT MD5SUM FROM public.databasechangelog WHERE MD5SUM IS NOT NULL LIMIT 1
2019-01-14 08:36:42,817 INFO liquibase.logging.core.Slf4jLogger [restartedMain] SELECT COUNT(*) FROM public.databasechangelog
2019-01-14 08:36:42,817 INFO liquibase.logging.core.Slf4jLogger [restartedMain] Reading from public.databasechangelog
2019-01-14 08:36:42,818 INFO liquibase.logging.core.Slf4jLogger [restartedMain] SELECT * FROM public.databasechangelog ORDER BY DATEEXECUTED ASC, ORDEREXECUTED ASC
2019-01-14 08:36:42,827 INFO liquibase.logging.core.Slf4jLogger [restartedMain] Successfully released change log lock
2019-01-14 08:36:42,926 INFO org.hibernate.jpa.internal.util.LogHelper [restartedMain] HHH000204: Processing PersistenceUnitInfo [
	name: default
	...]
2019-01-14 08:36:42,980 INFO org.hibernate.Version [restartedMain] HHH000412: Hibernate Core {5.3.7.Final}
2019-01-14 08:36:42,982 INFO org.hibernate.cfg.Environment [restartedMain] HHH000206: hibernate.properties not found
2019-01-14 08:36:43,100 INFO org.hibernate.annotations.common.reflection.java.JavaReflectionManager [restartedMain] HCANN000001: Hibernate Commons Annotations {5.0.4.Final}
2019-01-14 08:36:43,218 INFO org.hibernate.dialect.Dialect [restartedMain] HHH000400: Using dialect: org.hibernate.dialect.PostgreSQL82Dialect
2019-01-14 08:36:43,320 INFO org.hibernate.engine.jdbc.env.internal.LobCreatorBuilderImpl [restartedMain] HHH000421: Disabling contextual LOB creation as hibernate.jdbc.lob.non_contextual_creation is true
2019-01-14 08:36:43,325 INFO org.hibernate.type.BasicTypeRegistry [restartedMain] HHH000270: Type registration [java.util.UUID] overrides previous : org.hibernate.type.UUIDBinaryType@4980d355
2019-01-14 08:36:43,887 INFO org.springframework.orm.jpa.AbstractEntityManagerFactoryBean [restartedMain] Initialized JPA EntityManagerFactory for persistence unit 'default'
2019-01-14 08:36:44,408 INFO org.springframework.scheduling.concurrent.ExecutorConfigurationSupport [restartedMain] Initializing ExecutorService 'applicationTaskExecutor'
2019-01-14 08:36:44,453 WARN org.springframework.boot.autoconfigure.orm.jpa.JpaBaseConfiguration$JpaWebConfiguration$JpaWebMvcConfiguration [restartedMain] spring.jpa.open-in-view is enabled by default. Therefore, database queries may be performed during view rendering. Explicitly configure spring.jpa.open-in-view to disable this warning
2019-01-14 08:36:44,516 WARN org.springframework.boot.autoconfigure.thymeleaf.ThymeleafAutoConfiguration$DefaultTemplateResolverConfiguration [restartedMain] Cannot find template location: classpath:/templates/ (please add some templates or check your Thymeleaf configuration)
2019-01-14 08:36:44,741 INFO org.springframework.security.web.DefaultSecurityFilterChain [restartedMain] Creating filter chain: any request, [org.springframework.security.web.context.request.async.WebAsyncManagerIntegrationFilter@6a9e0b41, org.springframework.security.web.context.SecurityContextPersistenceFilter@64189dab, org.springframework.security.web.context.SecurityContextPersistenceFilter@6388f3bc, org.springframework.security.web.header.HeaderWriterFilter@6b3c4e3a, org.springframework.security.web.authentication.logout.LogoutFilter@618b432a, org.springframework.security.web.savedrequest.RequestCacheAwareFilter@6d0e6de9, org.springframework.security.web.servletapi.SecurityContextHolderAwareRequestFilter@3cbc4843, org.springframework.security.web.authentication.AnonymousAuthenticationFilter@695b4e3, org.springframework.security.web.session.SessionManagementFilter@6afce9d2, org.springframework.security.web.access.ExceptionTranslationFilter@73ca0d8, org.springframework.security.web.access.intercept.FilterSecurityInterceptor@16cafb90]
2019-01-14 08:36:44,803 INFO org.springframework.boot.devtools.autoconfigure.OptionalLiveReloadServer [restartedMain] LiveReload server is running on port 35729
2019-01-14 08:36:44,827 INFO org.apache.juli.logging.DirectJDKLog [restartedMain] Starting ProtocolHandler ["http-nio-8080"]
2019-01-14 08:36:44,836 INFO org.apache.juli.logging.DirectJDKLog [restartedMain] Using a shared selector for servlet write/read
2019-01-14 08:36:44,849 INFO org.springframework.boot.web.embedded.tomcat.TomcatWebServer [restartedMain] Tomcat started on port(s): 8080 (http) with context path ''
2019-01-14 08:36:44,851 INFO org.springframework.boot.StartupInfoLogger [restartedMain] Started BootcampApplication in 5.462 seconds (JVM running for 6.071)
2019-01-14 08:36:44,856 INFO com.mitrais.study.bootcamp.BootcampApplication [restartedMain] Application is ready...
2019-01-14 08:36:50,056 INFO org.apache.juli.logging.DirectJDKLog [http-nio-8080-exec-2] Initializing Spring DispatcherServlet 'dispatcherServlet'
2019-01-14 08:36:50,056 INFO org.springframework.web.servlet.FrameworkServlet [http-nio-8080-exec-2] Initializing Servlet 'dispatcherServlet'
2019-01-14 08:36:50,068 INFO org.springframework.web.servlet.FrameworkServlet [http-nio-8080-exec-2] Completed initialization in 12 ms
2019-01-14 08:36:50,162 INFO org.hibernate.hql.internal.QueryTranslatorFactoryInitiator [http-nio-8080-exec-2] HHH000397: Using ASTQueryTranslatorFactory
2019-01-14 08:36:50,250 DEBUG org.hibernate.engine.jdbc.spi.SqlStatementLogger [http-nio-8080-exec-2] 
    select
        distinct count(distinct person0_.id) as col_0_0_ 
    from
        person person0_
2019-01-14 08:36:50,279 DEBUG org.hibernate.engine.jdbc.spi.SqlStatementLogger [http-nio-8080-exec-2] 
    select
        distinct person0_.id as id1_0_,
        person0_.name as name2_0_,
        person0_.password as password3_0_,
        person0_.username as username4_0_,
        person0_.version as version5_0_ 
    from
        person person0_ limit ?
2019-01-14 08:36:50,297 DEBUG org.hibernate.engine.jdbc.spi.SqlStatementLogger [http-nio-8080-exec-2] 
    select
        roleids0_.person_id as person_i1_1_0_,
        roleids0_.role_ids as role_ids2_1_0_ 
    from
        person_role_ids roleids0_ 
    where
        roleids0_.person_id=?
2019-01-14 08:36:50,299 TRACE org.hibernate.type.descriptor.sql.BasicBinder [http-nio-8080-exec-2] binding parameter [1] as [BIGINT] - [1]
2019-01-14 08:36:50,304 DEBUG com.mitrais.study.bootcamp.data.jpa.JpaRepositoryBase [http-nio-8080-exec-2] FindAll Person returned 1 of 1 rows (paged by Page request [number: 0, size 10, sort: UNSORTED])
